SF:lib/model/article.dart
DA:12,2
DA:47,1
DA:51,1
DA:52,1
DA:53,1
DA:57,1
DA:58,1
DA:60,3
LF:8
LH:8
end_of_record
SF:lib/model/article.g.dart
DA:9,3
DA:17,0
DA:20,0
DA:22,0
DA:26,0
DA:30,0
DA:32,0
DA:33,0
DA:36,0
DA:38,0
DA:39,0
DA:42,0
DA:44,0
DA:45,0
DA:48,0
DA:50,0
DA:51,0
DA:54,0
DA:56,0
DA:57,0
DA:60,0
DA:62,0
DA:63,0
DA:66,0
DA:68,0
DA:69,0
DA:72,0
DA:74,0
DA:75,0
DA:78,0
DA:80,0
DA:81,0
DA:84,0
DA:86,0
DA:87,0
DA:90,0
DA:92,0
DA:93,0
DA:96,0
DA:98,0
DA:99,0
DA:102,0
DA:104,0
DA:105,0
DA:111,1
DA:114,1
DA:116,1
DA:117,1
DA:118,1
DA:119,1
DA:120,1
DA:122,1
DA:123,2
DA:126,1
DA:127,0
DA:130,1
DA:131,2
DA:134,1
DA:135,2
DA:138,1
DA:139,2
DA:142,1
DA:143,0
DA:146,1
DA:147,0
DA:150,1
DA:151,0
DA:154,1
DA:155,0
DA:158,1
DA:159,3
DA:164,1
DA:165,2
DA:168,1
DA:169,2
DA:172,1
DA:173,2
DA:176,1
DA:177,0
DA:182,1
DA:183,2
DA:189,1
DA:225,0
DA:226,0
DA:228,1
DA:244,1
DA:245,1
DA:246,0
DA:248,1
DA:249,0
DA:253,0
DA:255,0
DA:257,0
DA:258,0
DA:260,0
DA:263,0
DA:264,0
DA:265,0
DA:266,0
DA:267,0
DA:268,0
DA:269,0
DA:270,0
DA:271,0
DA:272,0
DA:273,0
DA:274,0
DA:275,0
DA:276,0
DA:277,0
DA:278,0
DA:281,0
DA:283,0
DA:284,0
DA:285,0
DA:286,0
DA:287,0
DA:288,0
DA:289,0
DA:290,0
DA:291,0
DA:292,0
DA:293,0
DA:294,0
DA:295,0
DA:296,0
DA:297,0
DA:298,0
DA:299,0
DA:300,0
DA:301,0
DA:302,0
DA:303,0
DA:304,0
DA:305,0
DA:306,0
DA:307,0
DA:308,0
DA:309,0
DA:310,0
DA:313,0
DA:315,0
DA:316,0
DA:317,0
DA:318,0
DA:319,0
DA:320,0
DA:321,0
DA:322,0
DA:323,0
DA:324,0
DA:325,0
DA:326,0
DA:327,0
DA:328,0
DA:329,0
DA:330,0
DA:331,0
DA:339,3
DA:340,3
DA:343,3
DA:344,0
DA:347,3
DA:348,3
DA:351,3
DA:352,3
DA:355,3
DA:356,3
DA:359,3
DA:360,0
DA:363,3
DA:364,0
DA:367,3
DA:368,0
DA:371,3
DA:372,0
DA:375,4
DA:376,0
DA:379,3
DA:380,3
DA:383,3
DA:384,3
DA:387,3
DA:388,3
DA:391,4
DA:392,0
DA:395,3
DA:396,3
DA:398,1
DA:400,1
DA:401,1
DA:402,0
DA:403,0
DA:404,0
DA:405,0
DA:406,0
DA:407,0
DA:408,0
DA:409,0
DA:410,0
DA:411,0
DA:412,0
DA:413,0
DA:414,0
DA:415,0
DA:416,0
DA:417,0
DA:422,1
DA:425,0
DA:427,1
DA:430,0
DA:432,0
DA:435,1
DA:439,1
DA:440,1
DA:441,1
DA:442,1
DA:443,1
DA:444,1
DA:445,1
DA:446,1
DA:447,1
DA:448,1
DA:449,1
DA:450,2
DA:451,1
DA:452,1
DA:453,1
DA:454,2
DA:455,1
DA:460,0
DA:463,0
DA:465,0
DA:466,0
DA:470,1
LF:235
LH:84
end_of_record
SF:lib/model/serializers.dart
DA:29,3
DA:30,2
DA:31,5
LF:3
LH:3
end_of_record
SF:lib/model/serializers.g.dart
DA:9,4
DA:10,2
DA:11,1
DA:13,0
DA:14,1
DA:16,2
DA:17,1
LF:7
LH:6
end_of_record
